2010-07-12 09:17:29 Debug: Notice (1024): Please change the value of 'Security.salt' in app/config/core.php to a salt value specific to your application in [C:\wamp\www\cake\libs\debugger.php, line 684]
2010-07-12 09:17:29 Debug: Notice (1024): Please change the value of 'Security.cipherSeed' in app/config/core.php to a numeric (digits only) seed value specific to your application in [C:\wamp\www\cake\libs\debugger.php, line 688]
2010-07-12 09:21:48 Debug: Notice (1024): Please change the value of 'Security.salt' in app/config/core.php to a salt value specific to your application in [C:\wamp\www\cake\libs\debugger.php, line 684]
2010-07-12 09:21:48 Debug: Notice (1024): Please change the value of 'Security.cipherSeed' in app/config/core.php to a numeric (digits only) seed value specific to your application in [C:\wamp\www\cake\libs\debugger.php, line 688]
2010-07-12 09:33:23 Debug: Notice (8): Undefined variable: livres in [C:\wamp\www\app\views\contacts\index.ctp, line 8]
2010-07-12 09:41:37 Debug: Notice (8): Undefined property: ContactsController::$Livre in [C:\wamp\www\app\controllers\contacts_controller.php, line 10]
2010-07-12 09:44:22 Debug: Notice (8): Undefined variable: livre in [C:\wamp\www\app\views\contacts\index.ctp, line 21]
2010-07-12 10:28:44 Debug: Notice (8): Undefined property: Contact::$nom in [C:\wamp\www\app\controllers\contacts_controller.php, line 44]
2010-07-12 10:28:44 Debug: Notice (8): Undefined variable: nomprenom in [C:\wamp\www\app\controllers\contacts_controller.php, line 44]
2010-07-12 10:29:08 Debug: Notice (8): Undefined variable: prenom in [C:\wamp\www\app\controllers\contacts_controller.php, line 44]
2010-07-12 10:29:30 Debug: Notice (8): Undefined variable: prenom in [C:\wamp\www\app\controllers\contacts_controller.php, line 44]
2010-07-12 10:29:50 Debug: Notice (8): Undefined variable: prenom in [C:\wamp\www\app\controllers\contacts_controller.php, line 44]
2010-07-12 10:30:54 Debug: Notice (8): Undefined variable: prenom in [C:\wamp\www\app\controllers\contacts_controller.php, line 44]
2010-07-12 10:36:16 Debug: Notice (8): Undefined variable: id in [C:\wamp\www\app\controllers\contacts_controller.php, line 44]
2010-07-12 10:39:49 Debug: Notice (8): Undefined variable: id in [C:\wamp\www\app\controllers\contacts_controller.php, line 44]
2010-07-12 10:40:14 Debug: Notice (8): Undefined variable: id in [C:\wamp\www\app\controllers\contacts_controller.php, line 44]
2010-07-12 10:40:33 Debug: Notice (8): Undefined variable: id in [C:\wamp\www\app\controllers\contacts_controller.php, line 44]
2010-07-12 10:40:55 Debug: Notice (8): Undefined variable: prenom in [C:\wamp\www\app\controllers\contacts_controller.php, line 44]
2010-07-12 10:41:10 Debug: Notice (8): Undefined variable: id in [C:\wamp\www\app\controllers\contacts_controller.php, line 44]
2010-07-12 10:59:10 Debug: Notice (8): Undefined variable: data in [C:\wamp\www\app\controllers\contacts_controller.php, line 44]
2010-07-12 11:00:06 Debug: Notice (8): Undefined index: email in [C:\wamp\www\app\controllers\contacts_controller.php, line 48]
2010-07-12 11:01:13 Debug: Notice (8): Undefined variable: id in [C:\wamp\www\app\controllers\contacts_controller.php, line 44]
2010-07-12 11:02:44 Debug: Notice (8): Undefined variable: id in [C:\wamp\www\app\controllers\contacts_controller.php, line 44]
2010-07-12 11:07:43 Debug: Notice (8): Undefined index: email in [C:\wamp\www\app\controllers\contacts_controller.php, line 50]
2010-07-12 11:08:54 Debug: Notice (8): Undefined index: email in [C:\wamp\www\app\controllers\contacts_controller.php, line 51]
2010-07-12 11:08:54 Debug: Notice (8): Undefined index: message in [C:\wamp\www\app\controllers\contacts_controller.php, line 53]
2010-07-12 11:10:43 Debug: Notice (8): Undefined index: email in [C:\wamp\www\app\controllers\contacts_controller.php, line 50]
2010-07-12 11:10:43 Debug: Notice (8): Undefined index: message in [C:\wamp\www\app\controllers\contacts_controller.php, line 52]
2010-07-12 11:11:04 Debug: Notice (8): Trying to get property of non-object in [C:\wamp\www\app\controllers\contacts_controller.php, line 50]
2010-07-12 11:11:04 Debug: Notice (8): Trying to get property of non-object in [C:\wamp\www\app\controllers\contacts_controller.php, line 52]
2010-07-12 11:53:42 Debug: Notice (8): Trying to get property of non-object in [C:\wamp\www\app\controllers\contacts_controller.php, line 55]
2010-07-12 15:24:21 Debug: Notice (8): Undefined variable: users in [C:\wamp\www\app\views\users\index.ctp, line 9]
2010-07-13 16:49:26 Debug: Notice (8): Undefined property: MailsController::$Mail in [C:\wamp\www\app\controllers\mails_controller.php, line 7]
2010-07-13 16:50:33 Debug: Notice (8): Undefined property: MailsController::$Mail in [C:\wamp\www\app\controllers\mails_controller.php, line 7]
2010-07-13 16:50:55 Debug: Notice (8): Undefined property: MailsController::$Mail in [C:\wamp\www\app\controllers\mails_controller.php, line 7]
2010-07-13 16:55:36 Debug: Notice (8): Undefined variable: id in [C:\wamp\www\app\controllers\mails_controller.php, line 12]
2010-07-13 16:55:36 Debug: Notice (8): Undefined property: MailsController::$User in [C:\wamp\www\app\controllers\mails_controller.php, line 16]
2010-07-13 16:56:26 Debug: Notice (8): Undefined property: MailsController::$User in [C:\wamp\www\app\controllers\mails_controller.php, line 15]
2010-07-13 16:59:22 Debug: Notice (8): Undefined property: MailsController::$User in [C:\wamp\www\app\controllers\mails_controller.php, line 15]
2010-07-13 17:09:49 Debug: Notice (8): Undefined property: MailsController::$Mail in [C:\wamp\www\app\controllers\mails_controller.php, line 15]
2010-07-13 17:13:04 Debug: Notice (8): Undefined variable: id in [C:\wamp\www\app\views\mails\contact.ctp, line 5]
2010-07-13 17:13:19 Debug: Notice (8): Undefined variable: id in [C:\wamp\www\app\views\mails\contact.ctp, line 5]
2010-07-13 17:13:29 Debug: Notice (8): Undefined variable: id in [C:\wamp\www\app\views\mails\contact.ctp, line 5]
2010-07-13 17:14:43 Debug: Notice (8): Undefined variable: id in [C:\wamp\www\app\views\mails\contact.ctp, line 5]
2010-07-13 17:15:36 Debug: Notice (8): Undefined variable: id in [C:\wamp\www\app\views\mails\contact.ctp, line 5]
2010-07-13 17:24:46 Debug: Notice (8): Undefined offset: 0 in [C:\wamp\www\app\views\mails\contact.ctp, line 5]
2010-07-13 17:25:15 Debug: Notice (8): Undefined offset: 0 in [C:\wamp\www\app\views\mails\contact.ctp, line 5]
2010-07-13 17:54:03 Debug: Notice (8): Undefined index: email in [C:\wamp\www\app\views\mails\index.ctp, line 11]
2010-07-13 17:56:02 Debug: Notice (8): Undefined property: MailsController::$Mail in [C:\wamp\www\app\controllers\mails_controller.php, line 16]
2010-07-13 17:56:46 Debug: Notice (8): Undefined property: MailsController::$Mail in [C:\wamp\www\app\controllers\mails_controller.php, line 16]
2010-07-13 17:57:06 Debug: Notice (8): Undefined property: MailsController::$Mail in [C:\wamp\www\app\controllers\mails_controller.php, line 16]
2010-07-13 17:58:27 Debug: Notice (8): Array to string conversion in [C:\wamp\www\cake\libs\controller\components\email.php, line 729]
2010-07-13 17:58:27 Debug: Notice (8): Undefined offset: 1 in [C:\wamp\www\cake\libs\controller\components\email.php, line 733]
2010-07-13 17:59:17 Debug: Notice (8): Array to string conversion in [C:\wamp\www\cake\libs\controller\components\email.php, line 729]
2010-07-13 17:59:17 Debug: Notice (8): Undefined offset: 1 in [C:\wamp\www\cake\libs\controller\components\email.php, line 733]
2010-07-13 18:19:48 Debug: Notice (8): Undefined variable: javascript in [C:\wamp\www\app\views\mails\index.ctp, line 2]
2010-07-13 18:20:02 Debug: Notice (8): Undefined variable: ajax in [C:\wamp\www\app\views\mails\index.ctp, line 2]
2010-07-13 18:26:47 Debug: Notice (8): Undefined variable: javascript in [C:\wamp\www\app\views\layouts\default.ctp, line 3]
2010-07-13 18:27:17 Debug: Notice (8): Undefined property: View::$javascript in [C:\wamp\www\app\views\layouts\default.ctp, line 3]
2010-07-13 18:27:27 Debug: Notice (8): Undefined variable: javascript in [C:\wamp\www\app\views\layouts\default.ctp, line 3]
2010-07-14 12:06:46 Debug: Notice (8): Undefined index: Contact in [C:\wamp\www\app\controllers\mails_controller.php, line 43]
2010-07-14 12:07:09 Debug: Notice (8): Undefined index: Contact in [C:\wamp\www\app\controllers\mails_controller.php, line 43]
2010-07-14 12:09:00 Debug: Notice (8): Undefined variable: receiver in [C:\wamp\www\app\controllers\mails_controller.php, line 43]
2010-07-14 12:09:26 Debug: Notice (8): Undefined variable: receiver in [C:\wamp\www\app\controllers\mails_controller.php, line 43]
2010-07-14 12:20:25 Debug: Notice (8): Undefined variable: id in [C:\wamp\www\app\controllers\mails_controller.php, line 21]
2010-07-14 12:20:57 Debug: Notice (8): Undefined variable: id in [C:\wamp\www\app\controllers\mails_controller.php, line 21]
2010-07-14 12:21:03 Debug: Notice (8): Undefined variable: id in [C:\wamp\www\app\controllers\mails_controller.php, line 21]
2010-07-14 12:28:50 Debug: Notice (8): Undefined variable: url in [C:\wamp\www\cake\libs\controller\controller.php, line 977]
2010-07-14 12:31:31 Debug: Notice (8): Undefined variable: url in [C:\wamp\www\cake\libs\controller\controller.php, line 977]
2010-07-14 12:47:59 Debug: Notice (8): Undefined variable: ajax in [C:\wamp\www\app\views\mails\allcontacts.ctp, line 8]
2010-07-14 15:51:33 Debug: Notice (8): Undefined property: ContactsController::$Paginator in [C:\wamp\www\app\controllers\contacts_controller.php, line 18]
2010-07-14 15:52:28 Debug: Notice (8): Undefined property: ContactsController::$Paginator in [C:\wamp\www\app\controllers\contacts_controller.php, line 18]
2010-07-14 15:52:44 Debug: Notice (8): Undefined property: ContactsController::$Paginator in [C:\wamp\www\app\controllers\contacts_controller.php, line 18]
2010-07-14 16:01:20 Debug: Notice (8): Undefined variable: paginator in [C:\wamp\www\app\views\mails\index.ctp, line 26]
2010-07-14 16:01:52 Debug: Notice (8): Undefined variable: paginator in [C:\wamp\www\app\views\mails\index.ctp, line 26]
2010-07-14 16:02:04 Debug: Notice (8): Undefined variable: paginator in [C:\wamp\www\app\views\mails\index.ctp, line 26]
2010-07-14 16:02:05 Debug: Notice (8): Undefined variable: paginator in [C:\wamp\www\app\views\mails\index.ctp, line 26]
2010-07-14 16:02:23 Debug: Notice (8): Undefined variable: paginator in [C:\wamp\www\app\views\mails\index.ctp, line 26]
2010-07-14 21:38:12 Debug: Notice (8): Undefined property: UsersController::$Auth in [C:\wamp\www\app\controllers\users_controller.php, line 9]
2010-07-15 14:28:14 Debug: Notice (8): Undefined variable: javascript in [C:\wamp\www\app\views\layouts\default.ctp, line 20]
2010-07-15 14:28:49 Debug: Notice (8): Undefined variable: javascript in [C:\wamp\www\app\controllers\mails_controller.php, line 18]
2010-07-15 14:29:12 Debug: Notice (8): Undefined property: MailsController::$Javascript in [C:\wamp\www\app\controllers\mails_controller.php, line 18]
2010-07-15 18:59:50 Debug: Notice (8): Undefined variable: ajax in [C:\wamp\www\app\views\clients\index.ctp, line 2]
2010-07-15 19:05:27 Debug: Notice (8): Undefined index: prenom in [C:\wamp\www\app\views\clients\auto_complete.ctp, line 3]
2010-07-15 19:05:44 Debug: Notice (8): Undefined index: prenom in [C:\wamp\www\app\views\clients\auto_complete.ctp, line 3]
2010-07-15 19:05:44 Debug: Notice (8): Undefined index: prenom in [C:\wamp\www\app\views\clients\auto_complete.ctp, line 3]
2010-07-15 19:06:46 Debug: Notice (8): Undefined index: prenom in [C:\wamp\www\app\views\clients\auto_complete.ctp, line 3]
2010-07-15 19:07:35 Debug: Notice (8): Undefined index: prenom in [C:\wamp\www\app\views\clients\auto_complete.ctp, line 3]
2010-07-15 19:07:35 Debug: Notice (8): Undefined index: prenom in [C:\wamp\www\app\views\clients\auto_complete.ctp, line 3]
2010-07-15 19:08:48 Debug: Notice (8): Undefined index: prenom in [C:\wamp\www\app\views\clients\auto_complete.ctp, line 3]
2010-07-15 19:08:50 Debug: Notice (8): Undefined index: prenom in [C:\wamp\www\app\views\clients\auto_complete.ctp, line 3]
2010-07-15 19:08:51 Debug: Notice (8): Undefined index: prenom in [C:\wamp\www\app\views\clients\auto_complete.ctp, line 3]
2010-07-15 19:12:29 Debug: Notice (8): Undefined variable: recherche_clients in [C:\wamp\www\app\controllers\clients_controller.php, line 31]
2010-07-15 19:52:04 Debug: Notice (8): Undefined variable: find in [C:\wamp\www\app\controllers\clients_controller.php, line 24]
2010-07-15 21:03:13 Debug: Notice (8): Undefined property: ClientsController::$Post in [C:\wamp\www\app\controllers\clients_controller.php, line 23]
2010-07-15 21:03:14 Debug: Notice (8): Undefined property: ClientsController::$Post in [C:\wamp\www\app\controllers\clients_controller.php, line 23]
2010-07-15 21:03:15 Debug: Notice (8): Undefined property: ClientsController::$Post in [C:\wamp\www\app\controllers\clients_controller.php, line 23]
2010-07-15 21:03:33 Debug: Notice (8): Undefined property: ClientsController::$Post in [C:\wamp\www\app\controllers\clients_controller.php, line 23]
2010-07-15 21:03:43 Debug: Notice (8): Undefined property: ClientsController::$Post in [C:\wamp\www\app\controllers\clients_controller.php, line 23]
2010-07-15 21:36:04 Debug: Notice (8): Undefined variable: client in [C:\wamp\www\app\views\clients\auto_complete.ctp, line 5]
2010-07-16 11:57:58 Debug: Notice (8): Undefined variable: html in [C:\wamp\www\cake\libs\view\helpers\text.php, line 90]
2010-07-16 11:57:58 Debug: Notice (8): Undefined variable: format in [C:\wamp\www\cake\libs\view\helpers\text.php, line 94]
2010-07-16 11:59:07 Debug: Notice (8): Undefined variable: result in [C:\wamp\www\app\views\clients\auto_complete.ctp, line 5]
2010-07-16 11:59:33 Debug: Notice (8): Undefined variable: html in [C:\wamp\www\cake\libs\view\helpers\text.php, line 90]
2010-07-16 11:59:33 Debug: Notice (8): Undefined variable: format in [C:\wamp\www\cake\libs\view\helpers\text.php, line 94]
2010-07-16 12:01:07 Debug: Notice (8): Undefined variable: html in [C:\wamp\www\cake\libs\view\helpers\text.php, line 90]
2010-07-16 12:01:07 Debug: Notice (8): Undefined variable: format in [C:\wamp\www\cake\libs\view\helpers\text.php, line 94]
2010-07-16 12:05:36 Debug: Notice (8): Undefined variable: html in [C:\wamp\www\cake\libs\view\helpers\text.php, line 90]
2010-07-16 12:05:36 Debug: Notice (8): Undefined variable: format in [C:\wamp\www\cake\libs\view\helpers\text.php, line 94]
2010-07-16 12:10:59 Debug: Notice (8): Undefined variable: html in [C:\wamp\www\cake\libs\view\helpers\text.php, line 90]
2010-07-16 12:10:59 Debug: Notice (8): Undefined variable: format in [C:\wamp\www\cake\libs\view\helpers\text.php, line 94]
2010-07-16 12:12:02 Debug: Notice (8): Undefined variable: html in [C:\wamp\www\cake\libs\view\helpers\text.php, line 90]
2010-07-16 12:12:02 Debug: Notice (8): Undefined variable: format in [C:\wamp\www\cake\libs\view\helpers\text.php, line 94]
2010-07-17 20:01:49 Debug: Notice (8): Undefined property: OVHSoapComponent::$client in [C:\wamp\www\app\controllers\components\o_v_h_soap.php, line 22]
2010-07-18 08:30:35 Debug: Notice (8): Undefined variable: paginator in [C:\wamp\www\app\controllers\clients_controller.php, line 16]
2010-07-18 08:36:20 Debug: Notice (8): Undefined variable: paginator in [C:\wamp\www\app\controllers\clients_controller.php, line 16]
2010-07-18 08:36:44 Debug: Notice (8): Undefined variable: paginator in [C:\wamp\www\app\controllers\clients_controller.php, line 16]
2010-07-18 08:36:56 Debug: Notice (8): Undefined property: ClientsController::$Paginator in [C:\wamp\www\app\controllers\clients_controller.php, line 16]
2010-07-18 08:37:45 Debug: Notice (8): Undefined index: limit in [C:\wamp\www\cake\libs\view\helpers\paginator.php, line 543]
2010-07-18 08:37:45 Debug: Notice (8): Undefined index: limit in [C:\wamp\www\cake\libs\view\helpers\paginator.php, line 545]
2010-07-18 08:37:51 Debug: Notice (8): Undefined index: limit in [C:\wamp\www\cake\libs\view\helpers\paginator.php, line 543]
2010-07-18 08:37:51 Debug: Notice (8): Undefined index: limit in [C:\wamp\www\cake\libs\view\helpers\paginator.php, line 545]
2010-07-18 08:37:52 Debug: Notice (8): Undefined index: limit in [C:\wamp\www\cake\libs\view\helpers\paginator.php, line 543]
2010-07-18 08:37:52 Debug: Notice (8): Undefined index: limit in [C:\wamp\www\cake\libs\view\helpers\paginator.php, line 545]
2010-07-18 08:37:59 Debug: Notice (8): Undefined index: limit in [C:\wamp\www\cake\libs\view\helpers\paginator.php, line 543]
2010-07-18 08:37:59 Debug: Notice (8): Undefined index: limit in [C:\wamp\www\cake\libs\view\helpers\paginator.php, line 545]
2010-07-18 08:38:00 Debug: Notice (8): Undefined index: limit in [C:\wamp\www\cake\libs\view\helpers\paginator.php, line 543]
2010-07-18 08:38:00 Debug: Notice (8): Undefined index: limit in [C:\wamp\www\cake\libs\view\helpers\paginator.php, line 545]
2010-07-18 08:38:02 Debug: Notice (8): Undefined index: limit in [C:\wamp\www\cake\libs\view\helpers\paginator.php, line 543]
2010-07-18 08:38:02 Debug: Notice (8): Undefined index: limit in [C:\wamp\www\cake\libs\view\helpers\paginator.php, line 545]
2010-07-18 08:38:03 Debug: Notice (8): Undefined index: limit in [C:\wamp\www\cake\libs\view\helpers\paginator.php, line 543]
2010-07-18 08:38:03 Debug: Notice (8): Undefined index: limit in [C:\wamp\www\cake\libs\view\helpers\paginator.php, line 545]
2010-07-18 08:46:13 Debug: Notice (8): Undefined property: ClientsController::$Paginator in [C:\wamp\www\app\controllers\clients_controller.php, line 16]
2010-07-18 08:48:36 Debug: Notice (8): Undefined property: ClientsController::$Paginator in [C:\wamp\www\app\controllers\clients_controller.php, line 16]
2010-07-18 15:11:27 Debug: Notice (8): Undefined variable: id in [C:\wamp\www\app\controllers\clients_controller.php, line 63]
2010-07-18 15:11:27 Debug: Notice (8): Undefined variable: id in [C:\wamp\www\app\controllers\clients_controller.php, line 69]
2010-07-18 15:11:40 Debug: Notice (8): Undefined variable: id in [C:\wamp\www\app\controllers\clients_controller.php, line 63]
2010-07-18 15:11:40 Debug: Notice (8): Undefined variable: id in [C:\wamp\www\app\controllers\clients_controller.php, line 69]
2010-07-18 15:14:16 Debug: Notice (8): Undefined variable: id in [C:\wamp\www\app\controllers\clients_controller.php, line 63]
2010-07-18 15:14:16 Debug: Notice (8): Undefined variable: id in [C:\wamp\www\app\controllers\clients_controller.php, line 69]
2010-07-18 16:56:30 Debug: Notice (8): Undefined variable: client in [C:\wamp\www\app\views\clients\view.ctp, line 3]
2010-07-18 16:56:30 Debug: Notice (8): Undefined variable: client in [C:\wamp\www\app\views\clients\view.ctp, line 4]
2010-07-18 16:56:31 Debug: Notice (8): Undefined variable: client in [C:\wamp\www\app\views\clients\view.ctp, line 3]
2010-07-18 16:56:31 Debug: Notice (8): Undefined variable: client in [C:\wamp\www\app\views\clients\view.ctp, line 4]
2010-07-18 17:08:50 Debug: Notice (8): Undefined index: Client in [C:\wamp\www\app\views\clients\view.ctp, line 3]
2010-07-18 17:08:52 Debug: Notice (8): Undefined index: Client in [C:\wamp\www\app\views\clients\view.ctp, line 3]
2010-07-18 17:10:31 Debug: Notice (8): Undefined index: Client in [C:\wamp\www\app\views\clients\view.ctp, line 3]
2010-07-18 17:10:32 Debug: Notice (8): Undefined index: Client in [C:\wamp\www\app\views\clients\view.ctp, line 3]
2010-07-19 10:46:29 Debug: Notice (8): Undefined variable: ajax in [C:\wamp\www\app\views\rdv\add.ctp, line 7]
2010-07-19 14:26:49 Debug: Notice (8): Undefined property: RdvController::$Livre in [C:\wamp\www\app\controllers\rdv_controller.php, line 12]
2010-07-19 14:26:49 Debug: Notice (8): Trying to get property of non-object in [C:\wamp\www\app\controllers\rdv_controller.php, line 12]
2010-07-19 14:27:21 Debug: Notice (8): Undefined property: Rdv::$Client in [C:\wamp\www\app\controllers\rdv_controller.php, line 12]
2010-07-19 14:27:33 Debug: Notice (8): Undefined property: RdvController::$Client in [C:\wamp\www\app\controllers\rdv_controller.php, line 12]
2010-07-19 14:38:58 Debug: Notice (8): Undefined index: Client in [C:\wamp\www\app\controllers\rdv_controller.php, line 18]
2010-07-19 14:39:01 Debug: Notice (8): Undefined index: Client in [C:\wamp\www\app\controllers\rdv_controller.php, line 18]
2010-07-19 14:41:12 Debug: Notice (8): Undefined index: Client in [C:\wamp\www\app\controllers\rdv_controller.php, line 18]
2010-07-19 14:41:12 Debug: Notice (8): Undefined variable: text in [C:\wamp\www\app\views\rdv\auto_complete_clientid.ctp, line 4]
2010-07-19 14:43:02 Debug: Notice (8): Undefined variable: text in [C:\wamp\www\app\views\rdv\auto_complete_clientid.ctp, line 4]
2010-07-19 14:43:03 Debug: Notice (8): Undefined variable: text in [C:\wamp\www\app\views\rdv\auto_complete_clientid.ctp, line 4]
2010-07-19 14:43:14 Debug: Notice (8): Undefined variable: text in [C:\wamp\www\app\views\rdv\auto_complete_clientid.ctp, line 4]
2010-07-19 14:43:16 Debug: Notice (8): Undefined variable: text in [C:\wamp\www\app\views\rdv\auto_complete_clientid.ctp, line 4]
2010-07-20 10:22:21 Debug: Notice (8): Undefined property: RdvController::$Rdv in [C:\wamp\www\app\controllers\rdv_controller.php, line 14]
2010-07-20 10:22:21 Debug: Notice (8): Trying to get property of non-object in [C:\wamp\www\app\controllers\rdv_controller.php, line 14]
2010-07-20 10:36:42 Debug: Notice (8): Undefined property: RdvController::$Rdv in [C:\wamp\www\app\controllers\rdv_controller.php, line 14]
2010-07-20 10:36:42 Debug: Notice (8): Trying to get property of non-object in [C:\wamp\www\app\controllers\rdv_controller.php, line 14]
2010-07-20 10:37:13 Debug: Notice (8): Undefined property: RdvController::$Rdv in [C:\wamp\www\app\controllers\rdv_controller.php, line 14]
2010-07-20 10:37:13 Debug: Notice (8): Trying to get property of non-object in [C:\wamp\www\app\controllers\rdv_controller.php, line 14]
2010-07-20 10:43:11 Debug: Notice (8): Undefined property: RdvController::$Rdv in [C:\wamp\www\app\controllers\rdv_controller.php, line 14]
2010-07-20 10:43:11 Debug: Notice (8): Trying to get property of non-object in [C:\wamp\www\app\controllers\rdv_controller.php, line 14]
2010-07-20 10:43:21 Debug: Notice (8): Undefined variable: Rdv in [C:\wamp\www\app\controllers\rdv_controller.php, line 14]
2010-07-20 10:43:21 Debug: Notice (8): Trying to get property of non-object in [C:\wamp\www\app\controllers\rdv_controller.php, line 14]
2010-07-20 10:48:53 Debug: Notice (8): Undefined property: RdvController::$Rdv in [C:\wamp\www\app\controllers\rdv_controller.php, line 14]
2010-07-20 10:48:53 Debug: Notice (8): Trying to get property of non-object in [C:\wamp\www\app\controllers\rdv_controller.php, line 14]
2010-07-20 10:49:44 Debug: Notice (8): Undefined property: RdvController::$Rdv in [C:\wamp\www\app\controllers\rdv_controller.php, line 16]
2010-07-20 10:49:44 Debug: Notice (8): Trying to get property of non-object in [C:\wamp\www\app\controllers\rdv_controller.php, line 16]
2010-07-20 11:55:30 Debug: Notice (8): Undefined index: Client in [C:\wamp\www\app\controllers\clients_controller.php, line 23]
2010-07-20 11:55:32 Debug: Notice (8): Undefined index: Client in [C:\wamp\www\app\controllers\clients_controller.php, line 23]
2010-07-20 11:55:33 Debug: Notice (8): Undefined index: Client in [C:\wamp\www\app\controllers\clients_controller.php, line 23]
2010-07-20 12:03:29 Debug: Notice (8): Undefined property: ClientsController::$User in [C:\wamp\www\app\controllers\clients_controller.php, line 29]
2010-07-20 12:03:31 Debug: Notice (8): Undefined property: ClientsController::$User in [C:\wamp\www\app\controllers\clients_controller.php, line 29]
2010-07-20 12:03:32 Debug: Notice (8): Undefined property: ClientsController::$User in [C:\wamp\www\app\controllers\clients_controller.php, line 29]
2010-07-20 12:03:34 Debug: Notice (8): Undefined property: ClientsController::$User in [C:\wamp\www\app\controllers\clients_controller.php, line 29]
2010-07-20 12:03:38 Debug: Notice (8): Undefined property: ClientsController::$User in [C:\wamp\www\app\controllers\clients_controller.php, line 29]
2010-07-20 13:02:58 Debug: Notice (8): Undefined variable: client in [C:\wamp\www\app\views\clients\view.ctp, line 27]
2010-07-20 13:06:22 Debug: Notice (8): Undefined variable: rdvcats in [C:\wamp\www\app\views\clients\view.ctp, line 23]
2010-07-20 13:12:48 Debug: Notice (8): Undefined index: Rdv in [C:\wamp\www\app\controllers\rdv_controller.php, line 31]
2010-07-20 13:12:52 Debug: Notice (8): Undefined index: Rdv in [C:\wamp\www\app\controllers\rdv_controller.php, line 31]
2010-07-20 13:14:31 Debug: Notice (8): Undefined variable: client_id in [C:\wamp\www\app\views\rdv\add.ctp, line 3]
2010-07-20 13:14:32 Debug: Notice (8): Undefined variable: client_id in [C:\wamp\www\app\views\rdv\add.ctp, line 3]
2010-07-20 13:26:56 Debug: Notice (8): Undefined variable: rdvcat in [C:\wamp\www\app\views\clients\view.ctp, line 23]
2010-07-20 13:35:31 Debug: Notice (8): Undefined index: adresse in [C:\wamp\www\app\views\rdv\index.ctp, line 20]
2010-07-20 13:35:31 Debug: Notice (8): Undefined variable: time in [C:\wamp\www\app\views\rdv\index.ctp, line 22]
2010-07-20 13:35:51 Debug: Notice (8): Undefined variable: time in [C:\wamp\www\app\views\rdv\index.ctp, line 21]
2010-07-21 10:53:37 Debug: Notice (8): Undefined variable: client_id in [C:\wamp\www\app\views\rdv\add.ctp, line 3]
2010-07-21 10:57:43 Debug: Notice (8): Undefined variable: client_id in [C:\wamp\www\app\views\rdv\add.ctp, line 3]
2010-08-03 12:45:53 Debug: Notice (8): Undefined variable: users in [C:\wamp\www\app\views\clients\auto_complete.ctp, line 2]
2010-08-03 12:45:53 Debug: Notice (8): Undefined variable: users in [C:\wamp\www\app\views\clients\auto_complete.ctp, line 11]
2010-08-03 12:45:54 Debug: Notice (8): Undefined variable: users in [C:\wamp\www\app\views\clients\auto_complete.ctp, line 2]
2010-08-03 12:45:54 Debug: Notice (8): Undefined variable: users in [C:\wamp\www\app\views\clients\auto_complete.ctp, line 11]
2010-08-03 12:45:55 Debug: Notice (8): Undefined variable: users in [C:\wamp\www\app\views\clients\auto_complete.ctp, line 2]
2010-08-03 12:45:55 Debug: Notice (8): Undefined variable: users in [C:\wamp\www\app\views\clients\auto_complete.ctp, line 11]
2010-08-03 12:45:56 Debug: Notice (8): Undefined variable: users in [C:\wamp\www\app\views\clients\auto_complete.ctp, line 2]
2010-08-03 12:45:56 Debug: Notice (8): Undefined variable: users in [C:\wamp\www\app\views\clients\auto_complete.ctp, line 11]
2010-08-03 12:46:12 Debug: Notice (8): Undefined variable: users in [C:\wamp\www\app\views\clients\auto_complete.ctp, line 2]
2010-08-03 12:46:12 Debug: Notice (8): Undefined variable: users in [C:\wamp\www\app\views\clients\auto_complete.ctp, line 11]
2010-08-03 12:47:36 Debug: Notice (8): Undefined variable: users in [C:\wamp\www\app\views\clients\auto_complete.ctp, line 2]
2010-08-03 12:47:36 Debug: Notice (8): Undefined variable: users in [C:\wamp\www\app\views\clients\auto_complete.ctp, line 11]
2010-08-03 12:47:37 Debug: Notice (8): Undefined variable: users in [C:\wamp\www\app\views\clients\auto_complete.ctp, line 2]
2010-08-03 12:47:37 Debug: Notice (8): Undefined variable: users in [C:\wamp\www\app\views\clients\auto_complete.ctp, line 11]
2010-08-03 12:47:39 Debug: Notice (8): Undefined variable: users in [C:\wamp\www\app\views\clients\auto_complete.ctp, line 2]
2010-08-03 12:47:39 Debug: Notice (8): Undefined variable: users in [C:\wamp\www\app\views\clients\auto_complete.ctp, line 11]
2010-08-03 12:48:25 Debug: Notice (8): Undefined variable: users in [C:\wamp\www\app\controllers\clients_controller.php, line 43]
2010-08-03 12:48:25 Debug: Notice (8): Undefined variable: users in [C:\wamp\www\app\views\clients\auto_complete.ctp, line 2]
2010-08-03 12:48:25 Debug: Notice (8): Undefined variable: users in [C:\wamp\www\app\views\clients\auto_complete.ctp, line 11]
2010-08-03 12:48:26 Debug: Notice (8): Undefined variable: users in [C:\wamp\www\app\controllers\clients_controller.php, line 43]
2010-08-03 12:48:27 Debug: Notice (8): Undefined variable: users in [C:\wamp\www\app\views\clients\auto_complete.ctp, line 2]
2010-08-03 12:48:27 Debug: Notice (8): Undefined variable: users in [C:\wamp\www\app\views\clients\auto_complete.ctp, line 11]
2010-08-03 14:40:26 Debug: Notice (8): Use of undefined constant NBR_LGNS_SCND_LN - assumed 'NBR_LGNS_SCND_LN' in [C:\wamp\www\app\views\clients\view.ctp, line 2]
2010-08-03 14:40:30 Debug: Notice (8): Use of undefined constant NBR_LGNS_SCND_LN - assumed 'NBR_LGNS_SCND_LN' in [C:\wamp\www\app\views\clients\view.ctp, line 2]
2010-08-03 14:45:10 Debug: Notice (8): Use of undefined constant NBR_LGNS_SCND_LN - assumed 'NBR_LGNS_SCND_LN' in [C:\wamp\www\app\views\clients\view.ctp, line 2]
2010-08-03 14:45:15 Debug: Notice (8): Use of undefined constant NBR_LGNS_SCND_LN - assumed 'NBR_LGNS_SCND_LN' in [C:\wamp\www\app\views\clients\view.ctp, line 2]
2010-08-03 14:46:49 Debug: Notice (8): Undefined variable: nouveau_sms_lien in [C:\wamp\www\app\views\clients\view.ctp, line 112]
2010-08-03 15:02:48 Debug: Notice (8): Undefined variable: nouveau_sms_lien in [C:\wamp\www\app\views\clients\view.ctp, line 81]
2010-08-03 15:02:52 Debug: Notice (8): Undefined variable: nouveau_sms_lien in [C:\wamp\www\app\views\clients\view.ctp, line 81]
2010-08-03 15:02:52 Debug: Notice (8): Undefined variable: nouveau_mail_lien in [C:\wamp\www\app\views\clients\view.ctp, line 113]
2010-08-04 17:44:12 Debug: Notice (8): Undefined variable: mail in [C:\wamp\www\app\views\rdvcat\index.ctp, line 10]
2010-08-04 17:44:24 Debug: Notice (8): Undefined index: Mail in [C:\wamp\www\app\views\rdvcat\index.ctp, line 10]
2010-08-04 17:58:33 Debug: Notice (8): Undefined variable: user in [C:\wamp\www\app\views\rdv\index.ctp, line 20]
2010-08-04 17:59:20 Debug: Notice (8): Undefined variable: user in [C:\wamp\www\app\views\rdv\index.ctp, line 20]
2010-08-04 17:59:58 Debug: Notice (8): Undefined variable: user in [C:\wamp\www\app\views\rdv\index.ctp, line 20]
2010-08-04 18:10:31 Debug: Notice (8): Undefined variable: user in [C:\wamp\www\app\views\rdv\index.ctp, line 20]
2010-08-04 18:13:51 Debug: Notice (8): Undefined variable: user in [C:\wamp\www\app\views\rdv\index.ctp, line 20]
2010-08-04 19:58:29 Debug: Notice (8): Undefined index: name in [C:\wamp\www\app\views\rdv\index.ctp, line 22]
2010-08-05 10:43:11 Debug: Notice (8): Undefined index: name in [C:\wamp\www\app\views\rdv\index.ctp, line 22]
2010-08-05 10:44:13 Debug: Notice (8): Undefined index: name in [C:\wamp\www\app\views\rdv\index.ctp, line 22]
2010-08-05 10:44:56 Debug: Notice (8): Undefined index: name in [C:\wamp\www\app\views\rdv\index.ctp, line 22]
2010-08-05 10:47:50 Debug: Notice (8): Undefined index: name in [C:\wamp\www\app\views\rdv\index.ctp, line 22]
2010-08-05 10:52:22 Debug: Notice (8): Undefined index: name in [C:\wamp\www\app\views\rdv\index.ctp, line 22]
2010-08-05 10:57:25 Debug: Notice (8): Undefined index: name in [C:\wamp\www\app\views\rdvs\index.ctp, line 22]
2010-08-05 10:58:54 Debug: Notice (8): Undefined index: name in [C:\wamp\www\app\views\rdvs\index.ctp, line 22]
2010-08-05 10:59:36 Debug: Notice (8): Undefined index: name in [C:\wamp\www\app\views\rdvs\index.ctp, line 22]
2010-08-05 11:00:05 Debug: Notice (8): Undefined index: name in [C:\wamp\www\app\views\rdvs\index.ctp, line 22]
2010-08-05 11:05:56 Debug: Notice (8): Undefined index: Rdvcat in [C:\wamp\www\app\views\rdvs\index.ctp, line 22]
2010-08-05 11:33:31 Debug: Notice (8): Undefined index: RdvcatsRdv in [C:\wamp\www\app\views\rdvs\index.ctp, line 22]
2010-08-05 11:38:40 Debug: Notice (8): Undefined index: RdvcatsRdv in [C:\wamp\www\app\views\rdvs\index.ctp, line 22]
2010-08-05 12:27:46 Debug: Notice (8): Undefined index: rdvcat_id in [C:\wamp\www\app\views\clients\view.ctp, line 35]
2010-08-05 12:27:46 Debug: Notice (8): Undefined index:  in [C:\wamp\www\app\views\clients\view.ctp, line 35]
2010-08-05 12:28:25 Debug: Notice (8): Undefined index: rdvcat_id in [C:\wamp\www\app\views\clients\view.ctp, line 35]
2010-08-05 12:28:25 Debug: Notice (8): Undefined index:  in [C:\wamp\www\app\views\clients\view.ctp, line 35]
2010-08-05 12:36:24 Debug: Notice (8): Undefined index: rdvcat_id in [C:\wamp\www\app\views\clients\view.ctp, line 35]
2010-08-05 12:36:24 Debug: Notice (8): Undefined variable: rdvcat in [C:\wamp\www\app\views\clients\view.ctp, line 35]
2010-08-05 12:36:57 Debug: Notice (8): Undefined index: rdvcat_id in [C:\wamp\www\app\views\clients\view.ctp, line 35]
2010-08-05 12:36:57 Debug: Notice (8): Undefined variable: rdvcat in [C:\wamp\www\app\views\clients\view.ctp, line 35]
2010-08-05 12:40:29 Debug: Notice (8): Undefined index: Rdv in [C:\wamp\www\app\views\clients\view.ctp, line 34]
2010-08-05 12:40:29 Debug: Notice (8): Undefined index: Rdvcat in [C:\wamp\www\app\views\clients\view.ctp, line 35]
2010-08-05 12:40:30 Debug: Notice (8): Undefined index: Rdv in [C:\wamp\www\app\views\clients\view.ctp, line 36]
2010-08-05 12:40:30 Debug: Notice (8): Undefined index: Rdv in [C:\wamp\www\app\views\clients\view.ctp, line 37]
2010-08-05 12:40:30 Debug: Notice (8): Undefined index: Rdv in [C:\wamp\www\app\views\clients\view.ctp, line 40]
2010-08-05 12:40:30 Debug: Notice (8): Undefined index: Rdv in [C:\wamp\www\app\views\clients\view.ctp, line 45]
2010-08-05 14:16:42 Debug: Notice (8): Undefined variable: client in [C:\wamp\www\app\views\clients\view.ctp, line 8]
2010-08-05 14:16:45 Debug: Notice (8): Undefined variable: client in [C:\wamp\www\app\views\clients\view.ctp, line 8]
2010-08-05 23:58:49 Debug: Notice (8): Undefined variable: rdv in [C:\wamp\www\app\views\cards\index.ctp, line 12]
2010-08-05 23:58:49 Debug: Notice (8): Undefined variable: rdv in [C:\wamp\www\app\views\cards\index.ctp, line 14]
2010-08-05 23:58:50 Debug: Notice (8): Undefined variable: rdv in [C:\wamp\www\app\views\cards\index.ctp, line 15]
2010-08-05 23:58:50 Debug: Notice (8): Undefined variable: rdv in [C:\wamp\www\app\views\cards\index.ctp, line 18]
2010-08-05 23:58:50 Debug: Notice (8): Undefined variable: time in [C:\wamp\www\app\views\cards\index.ctp, line 19]
2010-08-06 00:01:19 Debug: Notice (8): Undefined variable: time in [C:\wamp\www\app\views\cards\index.ctp, line 17]
2010-08-06 00:01:46 Debug: Notice (8): Undefined index: Rdv in [C:\wamp\www\app\views\cards\index.ctp, line 22]
2010-08-06 00:01:46 Debug: Notice (8): Undefined index: Rdv in [C:\wamp\www\app\views\cards\index.ctp, line 27]
2010-08-06 00:24:26 Debug: Notice (8): Use of undefined constant m_restants - assumed 'm_restants' in [C:\wamp\www\app\views\cards\index.ctp, line 10]
2010-08-06 00:24:26 Debug: Notice (8): Undefined variable: date_anterieure in [C:\wamp\www\app\views\cards\index.ctp, line 12]
2010-08-06 15:48:38 Debug: Notice (8): Undefined variable: nbr in [C:\wamp\www\app\controllers\mails_controller.php, line 77]
2010-08-06 15:54:03 Debug: Notice (8): Undefined offset: 1 in [C:\wamp\www\cake\libs\model\model.php, line 2196]
2010-08-06 15:54:03 Debug: Notice (8): Undefined offset: 1 in [C:\wamp\www\cake\libs\model\model.php, line 2197]
2010-08-06 16:00:54 Debug: Notice (8): Undefined variable: time in [C:\wamp\www\app\views\mails\index.ctp, line 14]
2010-08-06 16:01:10 Debug: Notice (8): Undefined variable: message in [C:\wamp\www\app\views\mails\index.ctp, line 14]
2010-09-02 12:03:20 Debug: Notice (8): Undefined variable: rdvs in [C:\wamp\www\app\views\clients\view.ctp, line 31]
2010-09-02 12:03:20 Debug: Notice (8): Undefined variable: rdvs in [C:\wamp\www\app\views\clients\view.ctp, line 155]
2010-09-02 12:03:22 Debug: Notice (8): Undefined variable: rdvs in [C:\wamp\www\app\views\clients\view.ctp, line 155]
2010-09-02 12:22:21 Debug: Notice (8): Undefined property: View::$Auth in [C:\wamp\www\app\views\layouts\default.ctp, line 49]
2010-09-02 12:22:23 Debug: Notice (8): Undefined property: View::$Auth in [C:\wamp\www\app\views\layouts\default.ctp, line 49]
2010-09-02 12:23:13 Debug: Notice (8): Undefined property: View::$Auth in [C:\wamp\www\app\views\layouts\default.ctp, line 49]
2010-09-02 12:23:15 Debug: Notice (8): Undefined property: View::$Auth in [C:\wamp\www\app\views\layouts\default.ctp, line 49]
2010-09-02 12:23:33 Debug: Notice (8): Undefined property: View::$Auth in [C:\wamp\www\app\views\layouts\default.ctp, line 49]
2010-09-02 12:23:35 Debug: Notice (8): Undefined property: View::$Auth in [C:\wamp\www\app\views\layouts\default.ctp, line 49]
2010-09-02 12:23:59 Debug: Notice (8): Undefined property: View::$Auth in [C:\wamp\www\app\views\layouts\default.ctp, line 49]
2010-09-02 12:24:01 Debug: Notice (8): Undefined property: View::$Auth in [C:\wamp\www\app\views\layouts\default.ctp, line 49]
2010-09-02 12:24:15 Debug: Notice (8): Undefined property: View::$Auth in [C:\wamp\www\app\views\layouts\default.ctp, line 49]
2010-09-02 12:24:17 Debug: Notice (8): Undefined property: View::$Auth in [C:\wamp\www\app\views\layouts\default.ctp, line 49]
