2010-07-12 09:33:23 Warning: Warning (2): Invalid argument supplied for foreach() in [C:\wamp\www\app\views\contacts\index.ctp, line 8]
2010-07-12 10:09:22 Warning: Warning (512): <span style="color:Red;text-align:left"><b>SQL Error:</b> 1048: Column 'telephone' cannot be null</span> in [C:\wamp\www\cake\libs\model\datasources\dbo_source.php, line 673]
2010-07-12 10:11:06 Warning: Warning (512): <span style="color:Red;text-align:left"><b>SQL Error:</b> 1048: Column 'telephone' cannot be null</span> in [C:\wamp\www\cake\libs\model\datasources\dbo_source.php, line 673]
2010-07-12 10:29:30 Warning: Warning (2): Attempt to assign property of non-object in [C:\wamp\www\app\controllers\contacts_controller.php, line 44]
2010-07-12 10:36:16 Warning: Warning (2): Missing argument 1 for ContactsController::mail() in [C:\wamp\www\app\controllers\contacts_controller.php, line 43]
2010-07-12 10:39:28 Warning: Warning (2): Missing argument 1 for ContactsController::mail() in [C:\wamp\www\app\controllers\contacts_controller.php, line 43]
2010-07-12 10:39:49 Warning: Warning (2): Missing argument 1 for ContactsController::mail() in [C:\wamp\www\app\controllers\contacts_controller.php, line 43]
2010-07-12 10:40:14 Warning: Warning (2): Missing argument 1 for ContactsController::mail() in [C:\wamp\www\app\controllers\contacts_controller.php, line 43]
2010-07-12 10:40:33 Warning: Warning (2): Missing argument 1 for ContactsController::mail() in [C:\wamp\www\app\controllers\contacts_controller.php, line 43]
2010-07-12 10:40:55 Warning: Warning (2): Missing argument 1 for ContactsController::mail() in [C:\wamp\www\app\controllers\contacts_controller.php, line 43]
2010-07-12 10:41:10 Warning: Warning (2): Missing argument 1 for ContactsController::mail() in [C:\wamp\www\app\controllers\contacts_controller.php, line 43]
2010-07-12 10:55:45 Warning: Warning (512): <span style="color:Red;text-align:left"><b>SQL Error:</b> 1064: You have an error in your SQL syntax; check the manual that corresponds to your MySQL server version for the right syntax to use near 'sendmail' at line 1</span> in [C:\wamp\www\cake\libs\model\datasources\dbo_source.php, line 673]
2010-07-12 10:57:06 Warning: Warning (512): <span style="color:Red;text-align:left"><b>SQL Error:</b> 1064: You have an error in your SQL syntax; check the manual that corresponds to your MySQL server version for the right syntax to use near 'sendmail' at line 1</span> in [C:\wamp\www\cake\libs\model\datasources\dbo_source.php, line 673]
2010-07-12 11:01:13 Warning: Warning (2): Missing argument 1 for ContactsController::mail() in [C:\wamp\www\app\controllers\contacts_controller.php, line 43]
2010-07-12 11:02:44 Warning: Warning (2): Missing argument 1 for ContactsController::mail() in [C:\wamp\www\app\controllers\contacts_controller.php, line 43]
2010-07-12 15:24:21 Warning: Warning (2): Invalid argument supplied for foreach() in [C:\wamp\www\app\views\users\index.ctp, line 9]
2010-07-13 16:06:30 Warning: Warning (512): <span style="color:Red;text-align:left"><b>SQL Error:</b> 1054: Unknown column 'Users.email' in 'field list'</span> in [C:\wamp\www\cake\libs\model\datasources\dbo_source.php, line 673]
2010-07-13 16:09:17 Warning: Warning (512): <span style="color:Red;text-align:left"><b>SQL Error:</b> 1054: Unknown column 'email' in 'field list'</span> in [C:\wamp\www\cake\libs\model\datasources\dbo_source.php, line 673]
2010-07-13 16:10:25 Warning: Warning (512): <span style="color:Red;text-align:left"><b>SQL Error:</b> 1054: Unknown column 'Contacts.email' in 'field list'</span> in [C:\wamp\www\cake\libs\model\datasources\dbo_source.php, line 673]
2010-07-13 16:10:43 Warning: Warning (512): <span style="color:Red;text-align:left"><b>SQL Error:</b> 1054: Unknown column 'contacts.email' in 'field list'</span> in [C:\wamp\www\cake\libs\model\datasources\dbo_source.php, line 673]
2010-07-13 16:10:46 Warning: Warning (512): <span style="color:Red;text-align:left"><b>SQL Error:</b> 1054: Unknown column 'contacts.email' in 'field list'</span> in [C:\wamp\www\cake\libs\model\datasources\dbo_source.php, line 673]
2010-07-13 16:55:36 Warning: Warning (2): Missing argument 1 for MailsController::contact() in [C:\wamp\www\app\controllers\mails_controller.php, line 11]
2010-07-13 16:56:26 Warning: Warning (2): Missing argument 1 for MailsController::contact() in [C:\wamp\www\app\controllers\mails_controller.php, line 11]
2010-07-13 16:59:22 Warning: Warning (2): Missing argument 1 for MailsController::contact() in [C:\wamp\www\app\controllers\mails_controller.php, line 11]
2010-07-13 17:09:49 Warning: Warning (2): Missing argument 1 for MailsController::contact() in [C:\wamp\www\app\controllers\mails_controller.php, line 11]
2010-07-13 17:13:04 Warning: Warning (2): Missing argument 1 for MailsController::contact() in [C:\wamp\www\app\controllers\mails_controller.php, line 12]
2010-07-13 17:13:19 Warning: Warning (2): Missing argument 1 for MailsController::contact() in [C:\wamp\www\app\controllers\mails_controller.php, line 11]
2010-07-13 17:13:29 Warning: Warning (2): Missing argument 1 for MailsController::contact() in [C:\wamp\www\app\controllers\mails_controller.php, line 11]
2010-07-13 17:14:43 Warning: Warning (2): Missing argument 1 for MailsController::contact() in [C:\wamp\www\app\controllers\mails_controller.php, line 11]
2010-07-13 17:15:36 Warning: Warning (2): Missing argument 1 for MailsController::contact() in [C:\wamp\www\app\controllers\mails_controller.php, line 11]
2010-07-13 17:24:46 Warning: Warning (2): Missing argument 1 for MailsController::contact() in [C:\wamp\www\app\controllers\mails_controller.php, line 11]
2010-07-13 17:58:27 Warning: Warning (2): strpos() expects parameter 1 to be string, array given in [C:\wamp\www\cake\libs\controller\components\email.php, line 728]
2010-07-13 17:59:17 Warning: Warning (2): strpos() expects parameter 1 to be string, array given in [C:\wamp\www\cake\libs\controller\components\email.php, line 728]
2010-07-13 18:35:36 Warning: Warning (2): strlen() expects parameter 1 to be string, array given in [C:\wamp\www\cake\libs\view\helpers\javascript.php, line 325]
2010-07-14 12:06:22 Warning: Warning (512): <span style="color:Red;text-align:left"><b>SQL Error:</b> 1054: Unknown column 'Contat.email' in 'field list'</span> in [C:\wamp\www\cake\libs\model\datasources\dbo_source.php, line 673]
2010-07-14 12:19:41 Warning: Warning (4096): Argument 1 passed to MailsController::contact() must be an instance of int, string given in [C:\wamp\www\app\controllers\mails_controller.php, line 19]
2010-07-14 12:20:06 Warning: Warning (4096): Argument 1 passed to MailsController::contact() must be an instance of int, string given in [C:\wamp\www\app\controllers\mails_controller.php, line 19]
2010-07-14 12:20:11 Warning: Warning (4096): Argument 1 passed to MailsController::contact() must be an instance of int, string given in [C:\wamp\www\app\controllers\mails_controller.php, line 19]
2010-07-14 12:20:25 Warning: Warning (4096): Argument 1 passed to MailsController::contact() must be an instance of int, none given in [C:\wamp\www\app\controllers\mails_controller.php, line 19]
2010-07-14 12:20:57 Warning: Warning (2): Missing argument 1 for MailsController::contact() in [C:\wamp\www\app\controllers\mails_controller.php, line 19]
2010-07-14 12:21:03 Warning: Warning (2): Missing argument 1 for MailsController::contact() in [C:\wamp\www\app\controllers\mails_controller.php, line 19]
2010-07-14 12:28:50 Warning: Warning (2): Missing argument 2 for Controller::flash(), called in C:\wamp\www\app\controllers\mails_controller.php on line 43 and defined in [C:\wamp\www\cake\libs\controller\controller.php, line 975]
2010-07-14 12:28:51 Warning: Warning (2): Missing argument 2 for Controller::flash(), called in C:\wamp\www\app\controllers\mails_controller.php on line 50 and defined in [C:\wamp\www\cake\libs\controller\controller.php, line 975]
2010-07-14 12:31:31 Warning: Warning (2): Missing argument 2 for Controller::flash(), called in C:\wamp\www\app\controllers\mails_controller.php on line 43 and defined in [C:\wamp\www\cake\libs\controller\controller.php, line 975]
2010-07-14 12:31:32 Warning: Warning (2): Missing argument 2 for Controller::flash(), called in C:\wamp\www\app\controllers\mails_controller.php on line 50 and defined in [C:\wamp\www\cake\libs\controller\controller.php, line 975]
2010-07-14 15:43:22 Warning: Warning (512): <span style="color:Red;text-align:left"><b>SQL Error:</b> 1054: Unknown column 'contacts.id' in 'order clause'</span> in [C:\wamp\www\cake\libs\model\datasources\dbo_source.php, line 673]
2010-07-14 15:43:22 Warning: Warning (2): Invalid argument supplied for foreach() in [C:\wamp\www\app\views\contacts\index.ctp, line 12]
2010-07-15 07:56:22 Warning: Warning (512): <span style="color:Red;text-align:left"><b>SQL Error:</b> 1048: Column 'telephone' cannot be null</span> in [C:\wamp\www\cake\libs\model\datasources\dbo_source.php, line 673]
2010-07-15 14:17:34 Warning: Warning (2): SoapClient::SoapClient() [<a href='http://php.net/soapclient.soapclient'>soapclient.soapclient</a>]: Unable to find the wrapper &quot;https&quot; - did you forget to enable it when you configured PHP? in [C:\wamp\www\app\controllers\sms_controller.php, line 22]
2010-07-15 14:17:34 Warning: Warning (2): SoapClient::SoapClient() [<a href='http://php.net/soapclient.soapclient'>soapclient.soapclient</a>]: I/O warning : failed to load external entity &quot;https://www.ovh.com/soapi/soapi-re-1.11.wsdl&quot; in [C:\wamp\www\app\controllers\sms_controller.php, line 22]
2010-07-15 14:18:16 Warning: Warning (2): SoapClient::SoapClient() [<a href='http://php.net/soapclient.soapclient'>soapclient.soapclient</a>]: Unable to find the wrapper &quot;https&quot; - did you forget to enable it when you configured PHP? in [C:\wamp\www\app\controllers\sms_controller.php, line 22]
2010-07-15 14:18:16 Warning: Warning (2): SoapClient::SoapClient() [<a href='http://php.net/soapclient.soapclient'>soapclient.soapclient</a>]: I/O warning : failed to load external entity &quot;https://www.ovh.com/soapi/soapi-re-1.11.wsdl&quot; in [C:\wamp\www\app\controllers\sms_controller.php, line 22]
2010-07-15 14:18:34 Warning: Warning (2): SoapClient::SoapClient() [<a href='http://php.net/soapclient.soapclient'>soapclient.soapclient</a>]: Unable to find the wrapper &quot;https&quot; - did you forget to enable it when you configured PHP? in [C:\wamp\www\app\controllers\sms_controller.php, line 22]
2010-07-15 14:18:34 Warning: Warning (2): SoapClient::SoapClient() [<a href='http://php.net/soapclient.soapclient'>soapclient.soapclient</a>]: I/O warning : failed to load external entity &quot;https://www.ovh.com/soapi/soapi-re-1.11.wsdl&quot; in [C:\wamp\www\app\controllers\sms_controller.php, line 22]
2010-07-15 14:28:00 Warning: Warning (512): Method HtmlHelper::codeBlock does not exist in [C:\wamp\www\cake\libs\view\helper.php, line 154]
2010-07-15 18:13:22 Warning: Warning (2): SoapClient::SoapClient() [<a href='http://php.net/soapclient.soapclient'>soapclient.soapclient</a>]: Unable to find the wrapper &quot;https&quot; - did you forget to enable it when you configured PHP? in [C:\wamp\www\app\controllers\sms_controller.php, line 22]
2010-07-15 18:13:22 Warning: Warning (2): SoapClient::SoapClient() [<a href='http://php.net/soapclient.soapclient'>soapclient.soapclient</a>]: I/O warning : failed to load external entity &quot;https://www.ovh.com/soapi/soapi-re-1.11.wsdl&quot; in [C:\wamp\www\app\controllers\sms_controller.php, line 22]
2010-07-15 19:52:04 Warning: Warning (2): Invalid argument supplied for foreach() in [C:\wamp\www\app\views\clients\auto_complete.ctp, line 2]
2010-07-16 11:57:58 Warning: Warning (2): array_merge() [<a href='http://php.net/function.array-merge'>function.array-merge</a>]: Argument #2 is not an array in [C:\wamp\www\cake\libs\view\helpers\text.php, line 70]
2010-07-16 11:57:58 Warning: Warning (2): extract() expects parameter 1 to be array, null given in [C:\wamp\www\cake\libs\view\helpers\text.php, line 71]
2010-07-16 11:59:33 Warning: Warning (2): array_merge() [<a href='http://php.net/function.array-merge'>function.array-merge</a>]: Argument #2 is not an array in [C:\wamp\www\cake\libs\view\helpers\text.php, line 70]
2010-07-16 11:59:33 Warning: Warning (2): extract() expects parameter 1 to be array, null given in [C:\wamp\www\cake\libs\view\helpers\text.php, line 71]
2010-07-16 12:01:07 Warning: Warning (2): array_merge() [<a href='http://php.net/function.array-merge'>function.array-merge</a>]: Argument #2 is not an array in [C:\wamp\www\cake\libs\view\helpers\text.php, line 70]
2010-07-16 12:01:07 Warning: Warning (2): extract() expects parameter 1 to be array, null given in [C:\wamp\www\cake\libs\view\helpers\text.php, line 71]
2010-07-16 12:05:36 Warning: Warning (2): array_merge() [<a href='http://php.net/function.array-merge'>function.array-merge</a>]: Argument #2 is not an array in [C:\wamp\www\cake\libs\view\helpers\text.php, line 70]
2010-07-16 12:05:36 Warning: Warning (2): extract() expects parameter 1 to be array, null given in [C:\wamp\www\cake\libs\view\helpers\text.php, line 71]
2010-07-16 12:10:59 Warning: Warning (2): array_merge() [<a href='http://php.net/function.array-merge'>function.array-merge</a>]: Argument #2 is not an array in [C:\wamp\www\cake\libs\view\helpers\text.php, line 70]
2010-07-16 12:10:59 Warning: Warning (2): extract() expects parameter 1 to be array, null given in [C:\wamp\www\cake\libs\view\helpers\text.php, line 71]
2010-07-16 12:12:02 Warning: Warning (2): array_merge() [<a href='http://php.net/function.array-merge'>function.array-merge</a>]: Argument #2 is not an array in [C:\wamp\www\cake\libs\view\helpers\text.php, line 70]
2010-07-16 12:12:02 Warning: Warning (2): extract() expects parameter 1 to be array, null given in [C:\wamp\www\cake\libs\view\helpers\text.php, line 71]
2010-07-16 12:36:24 Warning: Warning (512): Method AjaxHelper::autoComplete does not exist in [C:\wamp\www\cake\libs\view\helper.php, line 154]
2010-07-16 12:38:17 Warning: Warning (512): Method AjaxHelper::autoComplete does not exist in [C:\wamp\www\cake\libs\view\helper.php, line 154]
2010-07-16 13:11:15 Warning: Warning (2): SoapClient::SoapClient() [<a href='http://php.net/soapclient.soapclient'>soapclient.soapclient</a>]: Unable to find the wrapper &quot;https&quot; - did you forget to enable it when you configured PHP? in [C:\wamp\www\app\controllers\components\o_v_h_soap.php, line 5]
2010-07-16 13:11:15 Warning: Warning (2): SoapClient::SoapClient() [<a href='http://php.net/soapclient.soapclient'>soapclient.soapclient</a>]: I/O warning : failed to load external entity &quot;https://www.ovh.com/soapi/soapi-re-1.11.wsdl&quot; in [C:\wamp\www\app\controllers\components\o_v_h_soap.php, line 5]
2010-07-16 19:12:51 Warning: Warning (2): SoapClient::SoapClient() [<a href='http://php.net/soapclient.soapclient'>soapclient.soapclient</a>]: Unable to find the wrapper &quot;https&quot; - did you forget to enable it when you configured PHP? in [C:\wamp\www\app\controllers\components\o_v_h_soap.php, line 11]
2010-07-16 19:12:51 Warning: Warning (2): SoapClient::SoapClient() [<a href='http://php.net/soapclient.soapclient'>soapclient.soapclient</a>]: I/O warning : failed to load external entity &quot;https://www.ovh.com/soapi/soapi-re-1.11.wsdl&quot; in [C:\wamp\www\app\controllers\components\o_v_h_soap.php, line 11]
2010-07-17 19:17:35 Warning: Warning (2): Missing argument 1 for MailsController::client() in [C:\wamp\www\app\controllers\mails_controller.php, line 30]
2010-07-17 19:19:57 Warning: Warning (2): Missing argument 1 for MailsController::client() in [C:\wamp\www\app\controllers\mails_controller.php, line 30]
2010-07-17 19:44:58 Warning: Warning (2): SoapClient::SoapClient() [<a href='http://php.net/soapclient.soapclient'>soapclient.soapclient</a>]: Unable to find the wrapper &quot;https&quot; - did you forget to enable it when you configured PHP? in [C:\wamp\www\app\controllers\components\o_v_h_soap.php, line 11]
2010-07-17 19:44:58 Warning: Warning (2): SoapClient::SoapClient() [<a href='http://php.net/soapclient.soapclient'>soapclient.soapclient</a>]: I/O warning : failed to load external entity &quot;https://www.ovh.com/soapi/soapi-re-1.11.wsdl&quot; in [C:\wamp\www\app\controllers\components\o_v_h_soap.php, line 11]
2010-07-17 19:47:38 Warning: Warning (2): SoapClient::SoapClient() [<a href='http://php.net/soapclient.soapclient'>soapclient.soapclient</a>]: Unable to find the wrapper &quot;https&quot; - did you forget to enable it when you configured PHP? in [C:\wamp\www\app\controllers\components\o_v_h_soap.php, line 11]
2010-07-17 19:47:38 Warning: Warning (2): SoapClient::SoapClient() [<a href='http://php.net/soapclient.soapclient'>soapclient.soapclient</a>]: I/O warning : failed to load external entity &quot;https://www.ovh.com/soapi/soapi-re-1.11.wsdl&quot; in [C:\wamp\www\app\controllers\components\o_v_h_soap.php, line 11]
2010-07-17 19:47:56 Warning: Warning (2): SoapClient::SoapClient() [<a href='http://php.net/soapclient.soapclient'>soapclient.soapclient</a>]: Unable to find the wrapper &quot;https&quot; - did you forget to enable it when you configured PHP? in [C:\wamp\www\app\controllers\components\o_v_h_soap.php, line 11]
2010-07-17 19:47:56 Warning: Warning (2): SoapClient::SoapClient() [<a href='http://php.net/soapclient.soapclient'>soapclient.soapclient</a>]: I/O warning : failed to load external entity &quot;https://www.ovh.com/soapi/soapi-re-1.11.wsdl&quot; in [C:\wamp\www\app\controllers\components\o_v_h_soap.php, line 11]
2010-07-17 19:48:31 Warning: Warning (2): SoapClient::SoapClient() [<a href='http://php.net/soapclient.soapclient'>soapclient.soapclient</a>]: Unable to find the wrapper &quot;https&quot; - did you forget to enable it when you configured PHP? in [C:\wamp\www\app\controllers\components\o_v_h_soap.php, line 11]
2010-07-17 19:48:31 Warning: Warning (2): SoapClient::SoapClient() [<a href='http://php.net/soapclient.soapclient'>soapclient.soapclient</a>]: I/O warning : failed to load external entity &quot;https://www.ovh.com/soapi/soapi-re-1.11.wsdl&quot; in [C:\wamp\www\app\controllers\components\o_v_h_soap.php, line 11]
2010-07-17 19:48:39 Warning: Warning (2): SoapClient::SoapClient() [<a href='http://php.net/soapclient.soapclient'>soapclient.soapclient</a>]: Unable to find the wrapper &quot;https&quot; - did you forget to enable it when you configured PHP? in [C:\wamp\www\app\controllers\components\o_v_h_soap.php, line 11]
2010-07-17 19:48:39 Warning: Warning (2): SoapClient::SoapClient() [<a href='http://php.net/soapclient.soapclient'>soapclient.soapclient</a>]: I/O warning : failed to load external entity &quot;https://www.ovh.com/soapi/soapi-re-1.11.wsdl&quot; in [C:\wamp\www\app\controllers\components\o_v_h_soap.php, line 11]
2010-07-17 19:48:54 Warning: Warning (2): SoapClient::SoapClient() [<a href='http://php.net/soapclient.soapclient'>soapclient.soapclient</a>]: Unable to find the wrapper &quot;https&quot; - did you forget to enable it when you configured PHP? in [C:\wamp\www\app\controllers\components\o_v_h_soap.php, line 11]
2010-07-17 19:48:54 Warning: Warning (2): SoapClient::SoapClient() [<a href='http://php.net/soapclient.soapclient'>soapclient.soapclient</a>]: I/O warning : failed to load external entity &quot;https://www.ovh.com/soapi/soapi-re-1.11.wsdl&quot; in [C:\wamp\www\app\controllers\components\o_v_h_soap.php, line 11]
2010-07-17 20:46:14 Warning: Warning (2): preg_replace() [<a href='http://php.net/function.preg-replace'>function.preg-replace</a>]: Compilation failed: invalid UTF-8 string at offset 13 in [C:\wamp\www\cake\libs\view\helpers\text.php, line 94]
2010-07-18 09:04:58 Warning: Warning (2): preg_replace() [<a href='http://php.net/function.preg-replace'>function.preg-replace</a>]: Compilation failed: invalid UTF-8 string at offset 2 in [C:\wamp\www\cake\libs\view\helpers\text.php, line 94]
2010-07-18 09:04:59 Warning: Warning (2): preg_replace() [<a href='http://php.net/function.preg-replace'>function.preg-replace</a>]: Compilation failed: invalid UTF-8 string at offset 3 in [C:\wamp\www\cake\libs\view\helpers\text.php, line 94]
2010-07-18 09:05:08 Warning: Warning (2): preg_replace() [<a href='http://php.net/function.preg-replace'>function.preg-replace</a>]: Compilation failed: invalid UTF-8 string at offset 7 in [C:\wamp\www\cake\libs\view\helpers\text.php, line 94]
2010-07-18 11:41:31 Warning: Warning (2): Missing argument 1 for MailsController::client() in [C:\wamp\www\app\controllers\mails_controller.php, line 30]
2010-07-18 15:11:27 Warning: Warning (2): Missing argument 1 for ClientsController::edit() in [C:\wamp\www\app\controllers\clients_controller.php, line 62]
2010-07-18 15:11:40 Warning: Warning (2): Missing argument 1 for ClientsController::edit() in [C:\wamp\www\app\controllers\clients_controller.php, line 62]
2010-07-18 15:14:16 Warning: Warning (2): Missing argument 1 for ClientsController::edit() in [C:\wamp\www\app\controllers\clients_controller.php, line 62]
2010-07-18 15:39:15 Warning: Warning (2): preg_replace() [<a href='http://php.net/function.preg-replace'>function.preg-replace</a>]: Compilation failed: invalid UTF-8 string at offset 2 in [C:\wamp\www\cake\libs\view\helpers\text.php, line 94]
2010-07-18 15:41:57 Warning: Warning (2): preg_replace() [<a href='http://php.net/function.preg-replace'>function.preg-replace</a>]: Compilation failed: invalid UTF-8 string at offset 3 in [C:\wamp\www\cake\libs\view\helpers\text.php, line 94]
2010-07-18 21:54:35 Warning: Warning (512): Method TextHelper::format does not exist in [C:\wamp\www\cake\libs\view\helper.php, line 154]
2010-07-18 22:28:33 Warning: Warning (512): <span style="color:Red;text-align:left"><b>SQL Error:</b> 1054: Unknown column 'Sms.visible' in 'where clause'</span> in [C:\wamp\www\cake\libs\model\datasources\dbo_source.php, line 673]
2010-07-18 22:28:35 Warning: Warning (512): <span style="color:Red;text-align:left"><b>SQL Error:</b> 1054: Unknown column 'Sms.visible' in 'where clause'</span> in [C:\wamp\www\cake\libs\model\datasources\dbo_source.php, line 673]
2010-07-20 11:41:59 Warning: Warning (512): Could not find FrValidation class, unable to complete validation. in [C:\wamp\www\cake\libs\validation.php, line 927]
2010-07-20 12:06:02 Warning: Warning (512): <span style="color:Red;text-align:left"><b>SQL Error:</b> 1054: Unknown column 'LIKE' in 'where clause'</span> in [C:\wamp\www\cake\libs\model\datasources\dbo_source.php, line 673]
2010-07-20 12:06:02 Warning: Warning (2): Invalid argument supplied for foreach() in [C:\wamp\www\app\views\clients\auto_complete.ctp, line 2]
2010-07-20 12:06:03 Warning: Warning (512): <span style="color:Red;text-align:left"><b>SQL Error:</b> 1054: Unknown column 'LIKE' in 'where clause'</span> in [C:\wamp\www\cake\libs\model\datasources\dbo_source.php, line 673]
2010-07-20 12:06:04 Warning: Warning (2): Invalid argument supplied for foreach() in [C:\wamp\www\app\views\clients\auto_complete.ctp, line 2]
2010-07-20 12:06:04 Warning: Warning (512): <span style="color:Red;text-align:left"><b>SQL Error:</b> 1054: Unknown column 'LIKE' in 'where clause'</span> in [C:\wamp\www\cake\libs\model\datasources\dbo_source.php, line 673]
2010-07-20 12:06:04 Warning: Warning (2): Invalid argument supplied for foreach() in [C:\wamp\www\app\views\clients\auto_complete.ctp, line 2]
2010-07-20 12:06:15 Warning: Warning (512): <span style="color:Red;text-align:left"><b>SQL Error:</b> 1054: Unknown column 'LIKE' in 'where clause'</span> in [C:\wamp\www\cake\libs\model\datasources\dbo_source.php, line 673]
2010-07-20 12:06:15 Warning: Warning (2): Invalid argument supplied for foreach() in [C:\wamp\www\app\views\clients\auto_complete.ctp, line 2]
2010-07-20 12:06:16 Warning: Warning (512): <span style="color:Red;text-align:left"><b>SQL Error:</b> 1054: Unknown column 'LIKE' in 'where clause'</span> in [C:\wamp\www\cake\libs\model\datasources\dbo_source.php, line 673]
2010-07-20 12:06:16 Warning: Warning (2): Invalid argument supplied for foreach() in [C:\wamp\www\app\views\clients\auto_complete.ctp, line 2]
2010-07-20 12:06:19 Warning: Warning (512): <span style="color:Red;text-align:left"><b>SQL Error:</b> 1054: Unknown column 'LIKE' in 'where clause'</span> in [C:\wamp\www\cake\libs\model\datasources\dbo_source.php, line 673]
2010-07-20 12:06:19 Warning: Warning (2): Invalid argument supplied for foreach() in [C:\wamp\www\app\views\clients\auto_complete.ctp, line 2]
2010-07-20 12:12:03 Warning: Warning (2): preg_match() [<a href='http://php.net/function.preg-match'>function.preg-match</a>]: Delimiter must not be alphanumeric or backslash in [C:\wamp\www\cake\libs\model\model.php, line 2571]
2010-07-20 12:14:50 Warning: Warning (2): preg_match() [<a href='http://php.net/function.preg-match'>function.preg-match</a>]: Delimiter must not be alphanumeric or backslash in [C:\wamp\www\cake\libs\model\model.php, line 2571]
2010-07-20 13:24:14 Warning: Warning (512): <span style="color:Red;text-align:left"><b>SQL Error:</b> 1066: Not unique table/alias: 'Client'</span> in [C:\wamp\www\cake\libs\model\datasources\dbo_source.php, line 673]
2010-07-20 13:25:10 Warning: Warning (512): <span style="color:Red;text-align:left"><b>SQL Error:</b> 1066: Not unique table/alias: 'Client'</span> in [C:\wamp\www\cake\libs\model\datasources\dbo_source.php, line 673]
2010-07-21 10:51:20 Warning: Warning (2): Missing argument 1 for RdvController::add() in [C:\wamp\www\app\controllers\rdv_controller.php, line 24]
2010-07-21 10:53:37 Warning: Warning (2): Missing argument 1 for RdvController::add() in [C:\wamp\www\app\controllers\rdv_controller.php, line 24]
2010-07-21 10:57:43 Warning: Warning (2): Missing argument 1 for RdvController::add() in [C:\wamp\www\app\controllers\rdv_controller.php, line 24]
2010-08-03 12:04:17 Warning: Warning (512): <span style="color:Red;text-align:left"><b>SQL Error:</b> 1054: Unknown column 'Rdv.visible' in 'where clause'</span> in [C:\wamp\www\cake\libs\model\datasources\dbo_source.php, line 673]
2010-08-03 12:04:18 Warning: Warning (512): <span style="color:Red;text-align:left"><b>SQL Error:</b> 1054: Unknown column 'Rdv.visible' in 'where clause'</span> in [C:\wamp\www\cake\libs\model\datasources\dbo_source.php, line 673]
2010-08-03 12:13:47 Warning: Warning (512): <span style="color:Red;text-align:left"><b>SQL Error:</b> 1054: Unknown column 'Mail.visible' in 'where clause'</span> in [C:\wamp\www\cake\libs\model\datasources\dbo_source.php, line 673]
2010-08-03 12:13:47 Warning: Warning (2): Invalid argument supplied for foreach() in [C:\wamp\www\cake\libs\model\datasources\dbo_source.php, line 1083]
2010-08-03 12:13:47 Warning: Warning (512): <span style="color:Red;text-align:left"><b>SQL Error:</b> 1054: Unknown column 'Sms.visible' in 'where clause'</span> in [C:\wamp\www\cake\libs\model\datasources\dbo_source.php, line 673]
2010-08-03 12:45:53 Warning: Warning (2): Invalid argument supplied for foreach() in [C:\wamp\www\app\views\clients\auto_complete.ctp, line 2]
2010-08-03 12:45:54 Warning: Warning (2): Invalid argument supplied for foreach() in [C:\wamp\www\app\views\clients\auto_complete.ctp, line 2]
2010-08-03 12:45:55 Warning: Warning (2): Invalid argument supplied for foreach() in [C:\wamp\www\app\views\clients\auto_complete.ctp, line 2]
2010-08-03 12:45:56 Warning: Warning (2): Invalid argument supplied for foreach() in [C:\wamp\www\app\views\clients\auto_complete.ctp, line 2]
2010-08-03 12:46:12 Warning: Warning (2): Invalid argument supplied for foreach() in [C:\wamp\www\app\views\clients\auto_complete.ctp, line 2]
2010-08-03 12:47:36 Warning: Warning (2): Invalid argument supplied for foreach() in [C:\wamp\www\app\views\clients\auto_complete.ctp, line 2]
2010-08-03 12:47:37 Warning: Warning (2): Invalid argument supplied for foreach() in [C:\wamp\www\app\views\clients\auto_complete.ctp, line 2]
2010-08-03 12:47:39 Warning: Warning (2): Invalid argument supplied for foreach() in [C:\wamp\www\app\views\clients\auto_complete.ctp, line 2]
2010-08-03 12:48:25 Warning: Warning (2): Invalid argument supplied for foreach() in [C:\wamp\www\app\views\clients\auto_complete.ctp, line 2]
2010-08-03 12:48:27 Warning: Warning (2): Invalid argument supplied for foreach() in [C:\wamp\www\app\views\clients\auto_complete.ctp, line 2]
2010-08-03 13:30:09 Warning: Warning (2): Missing argument 1 for RdvController::add() in [C:\wamp\www\app\controllers\rdv_controller.php, line 24]
2010-08-04 17:51:45 Warning: Warning (512): <span style="color:Red;text-align:left"><b>SQL Error:</b> 1054: Unknown column 'Client.visible' in 'where clause'</span> in [C:\wamp\www\cake\libs\model\datasources\dbo_source.php, line 673]
2010-08-04 18:13:09 Warning: Warning (512): <span style="color:Red;text-align:left"><b>SQL Error:</b> 1054: Unknown column 'fields' in 'where clause'</span> in [C:\wamp\www\cake\libs\model\datasources\dbo_source.php, line 673]
2010-08-04 18:13:09 Warning: Warning (2): Invalid argument supplied for foreach() in [C:\wamp\www\app\views\rdv\index.ctp, line 15]
2010-08-05 11:04:06 Warning: Warning (512): Controller::paginate() - can't find model Rdvcat in controller RdvcatsRdvsController in [C:\wamp\www\cake\libs\controller\controller.php, line 1104]
2010-08-05 11:33:31 Warning: Warning (2): Invalid argument supplied for foreach() in [C:\wamp\www\app\views\rdvs\index.ctp, line 22]
2010-08-05 11:38:40 Warning: Warning (2): Invalid argument supplied for foreach() in [C:\wamp\www\app\views\rdvs\index.ctp, line 22]
2010-08-05 12:40:30 Warning: Warning (2): Invalid argument supplied for foreach() in [C:\wamp\www\app\views\clients\view.ctp, line 35]
2010-08-05 19:22:40 Warning: Warning (512): <span style="color:Red;text-align:left"><b>SQL Error:</b> 1054: Unknown column 'Client.mail_id' in 'on clause'</span> in [C:\wamp\www\cake\libs\model\datasources\dbo_source.php, line 673]
2010-08-05 19:22:41 Warning: Warning (2): Invalid argument supplied for foreach() in [C:\wamp\www\app\views\mails\index.ctp, line 8]
2010-08-06 15:54:03 Warning: Warning (2): preg_match() expects parameter 2 to be string, array given in [C:\wamp\www\cake\libs\model\datasources\dbo_source.php, line 1989]
2010-08-06 15:54:03 Warning: Warning (2): preg_match() expects parameter 2 to be string, array given in [C:\wamp\www\cake\libs\model\datasources\dbo_source.php, line 1991]
2010-08-06 15:54:04 Warning: Warning (2): strpos() expects parameter 1 to be string, array given in [C:\wamp\www\cake\libs\model\datasources\dbo_source.php, line 1994]
2010-08-06 15:54:04 Warning: Warning (2): trim() expects parameter 1 to be string, array given in [C:\wamp\www\cake\libs\model\datasources\dbo_source.php, line 1996]
2010-08-06 15:54:04 Warning: Warning (512): <span style="color:Red;text-align:left"><b>SQL Error:</b> 1064: You have an error in your SQL syntax; check the manual that corresponds to your MySQL server version for the right syntax to use near 'DISTINCT Client., Client. FROM `clients` AS `Client`   WHERE 1 = 1' at line 1</span> in [C:\wamp\www\cake\libs\model\datasources\dbo_source.php, line 673]
2010-09-02 12:03:20 Warning: Warning (2): Invalid argument supplied for foreach() in [C:\wamp\www\app\views\clients\view.ctp, line 31]
